<?xml version="1.0" encoding="UTF-8"?>
<Site BuildName="Win32-mingw32-make"
	BuildStamp="20230912-1334-Experimental"
	Name="LAPTOP-CQ49DMED"
	Generator="ctest-3.27.4"
	CompilerName="C:/MinGW/bin/g++.exe"
	CompilerVersion=""
	OSName="Windows"
	Hostname="LAPTOP-CQ49DMED"
	OSRelease=" Personal"
	OSVersion=" (Build 22621)"
	OSPlatform="AMD64"
	Is64Bits="1"
	VendorString="AuthenticAMD"
	VendorID="Advanced Micro Devices"
	FamilyID="15"
	ModelID="0"
	ProcessorCacheSize="64"
	NumberOfLogicalCPU="16"
	NumberOfPhysicalCPU="8"
	TotalVirtualMemory="24802"
	TotalPhysicalMemory="15776"
	LogicalProcessorsPerPhysical="2"
	ProcessorClockFrequency="3293"
	>
	<Testing>
		<StartDateTime>Sep 12 19:04 Sri Lanka Standard Time</StartDateTime>
		<StartTestTime>1694525659</StartTestTime>
		<TestList/>
		<EndDateTime>Sep 12 19:04 Sri Lanka Standard Time</EndDateTime>
		<EndTestTime>1694525659</EndTestTime>
		<ElapsedMinutes>0</ElapsedMinutes>
	</Testing>
</Site>
